[01m[K/home/sena/turtle_drive/src/Turtles/turtle_control/src/turtle_hardware.cpp:[m[K In member function â€˜[01m[Kvoid turtle_control::TurtleHardware::cmdvelCallback(sensor_msgs::Joy)[m[Kâ€™:
[01m[K/home/sena/turtle_drive/src/Turtles/turtle_control/src/turtle_hardware.cpp:201:16:[m[K [01;31m[Kerror: [m[Kno match for â€˜[01m[Koperator=[m[Kâ€™ (operand types are â€˜[01m[Kgeometry_msgs::Twist {aka geometry_msgs::Twist_<std::allocator<void> >}[m[Kâ€™ and â€˜[01m[Kconst Joy {aka const sensor_msgs::Joy_<std::allocator<void> >}[m[Kâ€™)
   cmd_vel_msg_ = msg;
[01;32m[K                ^[m[K
In file included from [01m[K/home/sena/turtle_drive/src/Turtles/turtle_control/include/turtle_control/turtle_hardware.h:49:0[m[K,
                 from [01m[K/home/sena/turtle_drive/src/Turtles/turtle_control/src/turtle_hardware.cpp:35[m[K:
[01m[K/opt/ros/kinetic/include/geometry_msgs/Twist.h:24:8:[m[K [01;36m[Knote: [m[Kcandidate: geometry_msgs::Twist_<std::allocator<void> >& geometry_msgs::Twist_<std::allocator<void> >::operator=(const geometry_msgs::Twist_<std::allocator<void> >&)
 struct Twist_
[01;32m[K        ^[m[K
[01m[K/opt/ros/kinetic/include/geometry_msgs/Twist.h:24:8:[m[K [01;36m[Knote: [m[K  no known conversion for argument 1 from â€˜[01m[Kconst Joy {aka const sensor_msgs::Joy_<std::allocator<void> >}[m[Kâ€™ to â€˜[01m[Kconst geometry_msgs::Twist_<std::allocator<void> >&[m[Kâ€™
make[2]: *** [CMakeFiles/turtle_control.dir/src/turtle_hardware.cpp.o] Error 1
make[1]: *** [CMakeFiles/turtle_control.dir/all] Error 2
make: *** [all] Error 2
