Determining if the pthread_create exist failed with the following output:
Change Dir: /home/nishanth/TurtleStuff/turtle_drive/build/hector_geotiff/CMakeFiles/CMakeTmp

Run Build Command:"/usr/bin/make" "cmTC_bf72b/fast"
/usr/bin/make -f CMakeFiles/cmTC_bf72b.dir/build.make CMakeFiles/cmTC_bf72b.dir/build
make[1]: Entering directory '/home/nishanth/TurtleStuff/turtle_drive/build/hector_geotiff/CMakeFiles/CMakeTmp'
Building C object CMakeFiles/cmTC_bf72b.dir/CheckSymbolExists.c.o
/usr/bin/cc     -o CMakeFiles/cmTC_bf72b.dir/CheckSymbolExists.c.o   -c /home/nishanth/TurtleStuff/turtle_drive/build/hector_geotiff/CMakeFiles/CMakeTmp/CheckSymbolExists.c
Linking C executable cmTC_bf72b
/usr/bin/cmake -E cmake_link_script CMakeFiles/cmTC_bf72b.dir/link.txt --verbose=1
/usr/bin/cc       CMakeFiles/cmTC_bf72b.dir/CheckSymbolExists.c.o  -o cmTC_bf72b -rdynamic 
CMakeFiles/cmTC_bf72b.dir/CheckSymbolExists.c.o: In function `main':
CheckSymbolExists.c:(.text+0x16): undefined reference to `pthread_create'
collect2: error: ld returned 1 exit status
CMakeFiles/cmTC_bf72b.dir/build.make:97: recipe for target 'cmTC_bf72b' failed
make[1]: *** [cmTC_bf72b] Error 1
make[1]: Leaving directory '/home/nishanth/TurtleStuff/turtle_drive/build/hector_geotiff/CMakeFiles/CMakeTmp'
Makefile:126: recipe for target 'cmTC_bf72b/fast' failed
make: *** [cmTC_bf72b/fast] Error 2

File /home/nishanth/TurtleStuff/turtle_drive/build/hector_geotiff/CMakeFiles/CMakeTmp/CheckSymbolExists.c:
/* */
#include <pthread.h>

int main(int argc, char** argv)
{
  (void)argv;
#ifndef pthread_create
  return ((int*)(&pthread_create))[argc];
#else
  (void)argc;
  return 0;
#endif
}

Determining if the function pthread_create exists in the pthreads failed with the following output:
Change Dir: /home/nishanth/TurtleStuff/turtle_drive/build/hector_geotiff/CMakeFiles/CMakeTmp

Run Build Command:"/usr/bin/make" "cmTC_140f3/fast"
/usr/bin/make -f CMakeFiles/cmTC_140f3.dir/build.make CMakeFiles/cmTC_140f3.dir/build
make[1]: Entering directory '/home/nishanth/TurtleStuff/turtle_drive/build/hector_geotiff/CMakeFiles/CMakeTmp'
Building C object CMakeFiles/cmTC_140f3.dir/CheckFunctionExists.c.o
/usr/bin/cc    -DCHECK_FUNCTION_EXISTS=pthread_create   -o CMakeFiles/cmTC_140f3.dir/CheckFunctionExists.c.o   -c /usr/share/cmake-3.5/Modules/CheckFunctionExists.c
Linking C executable cmTC_140f3
/usr/bin/cmake -E cmake_link_script CMakeFiles/cmTC_140f3.dir/link.txt --verbose=1
/usr/bin/cc   -DCHECK_FUNCTION_EXISTS=pthread_create    CMakeFiles/cmTC_140f3.dir/CheckFunctionExists.c.o  -o cmTC_140f3 -rdynamic -lpthreads 
/usr/bin/ld: cannot find -lpthreads
collect2: error: ld returned 1 exit status
CMakeFiles/cmTC_140f3.dir/build.make:97: recipe for target 'cmTC_140f3' failed
make[1]: *** [cmTC_140f3] Error 1
make[1]: Leaving directory '/home/nishanth/TurtleStuff/turtle_drive/build/hector_geotiff/CMakeFiles/CMakeTmp'
Makefile:126: recipe for target 'cmTC_140f3/fast' failed
make: *** [cmTC_140f3/fast] Error 2


Determining if the Q_WS_WIN exist failed with the following output:
Change Dir: /home/nishanth/TurtleStuff/turtle_drive/build/hector_geotiff/CMakeFiles/CMakeTmp

Run Build Command:"/usr/bin/make" "cmTC_105b1/fast"
/usr/bin/make -f CMakeFiles/cmTC_105b1.dir/build.make CMakeFiles/cmTC_105b1.dir/build
make[1]: Entering directory '/home/nishanth/TurtleStuff/turtle_drive/build/hector_geotiff/CMakeFiles/CMakeTmp'
Building CXX object CMakeFiles/cmTC_105b1.dir/CheckSymbolExists.cxx.o
/usr/bin/c++    -I/usr/include/qt4   -o CMakeFiles/cmTC_105b1.dir/CheckSymbolExists.cxx.o -c /home/nishanth/TurtleStuff/turtle_drive/build/hector_geotiff/CMakeFiles/CMakeTmp/CheckSymbolExists.cxx
/home/nishanth/TurtleStuff/turtle_drive/build/hector_geotiff/CMakeFiles/CMakeTmp/CheckSymbolExists.cxx: In function ‘int main(int, char**)’:
/home/nishanth/TurtleStuff/turtle_drive/build/hector_geotiff/CMakeFiles/CMakeTmp/CheckSymbolExists.cxx:8:19: error: ‘Q_WS_WIN’ was not declared in this scope
   return ((int*)(&Q_WS_WIN))[argc];
                   ^
CMakeFiles/cmTC_105b1.dir/build.make:65: recipe for target 'CMakeFiles/cmTC_105b1.dir/CheckSymbolExists.cxx.o' failed
make[1]: *** [CMakeFiles/cmTC_105b1.dir/CheckSymbolExists.cxx.o] Error 1
make[1]: Leaving directory '/home/nishanth/TurtleStuff/turtle_drive/build/hector_geotiff/CMakeFiles/CMakeTmp'
Makefile:126: recipe for target 'cmTC_105b1/fast' failed
make: *** [cmTC_105b1/fast] Error 2

File /home/nishanth/TurtleStuff/turtle_drive/build/hector_geotiff/CMakeFiles/CMakeTmp/CheckSymbolExists.cxx:
/* */
#include <QtCore/qglobal.h>

int main(int argc, char** argv)
{
  (void)argv;
#ifndef Q_WS_WIN
  return ((int*)(&Q_WS_WIN))[argc];
#else
  (void)argc;
  return 0;
#endif
}

Determining if the Q_WS_QWS exist failed with the following output:
Change Dir: /home/nishanth/TurtleStuff/turtle_drive/build/hector_geotiff/CMakeFiles/CMakeTmp

Run Build Command:"/usr/bin/make" "cmTC_829a4/fast"
/usr/bin/make -f CMakeFiles/cmTC_829a4.dir/build.make CMakeFiles/cmTC_829a4.dir/build
make[1]: Entering directory '/home/nishanth/TurtleStuff/turtle_drive/build/hector_geotiff/CMakeFiles/CMakeTmp'
Building CXX object CMakeFiles/cmTC_829a4.dir/CheckSymbolExists.cxx.o
/usr/bin/c++    -I/usr/include/qt4   -o CMakeFiles/cmTC_829a4.dir/CheckSymbolExists.cxx.o -c /home/nishanth/TurtleStuff/turtle_drive/build/hector_geotiff/CMakeFiles/CMakeTmp/CheckSymbolExists.cxx
/home/nishanth/TurtleStuff/turtle_drive/build/hector_geotiff/CMakeFiles/CMakeTmp/CheckSymbolExists.cxx: In function ‘int main(int, char**)’:
/home/nishanth/TurtleStuff/turtle_drive/build/hector_geotiff/CMakeFiles/CMakeTmp/CheckSymbolExists.cxx:8:19: error: ‘Q_WS_QWS’ was not declared in this scope
   return ((int*)(&Q_WS_QWS))[argc];
                   ^
CMakeFiles/cmTC_829a4.dir/build.make:65: recipe for target 'CMakeFiles/cmTC_829a4.dir/CheckSymbolExists.cxx.o' failed
make[1]: *** [CMakeFiles/cmTC_829a4.dir/CheckSymbolExists.cxx.o] Error 1
make[1]: Leaving directory '/home/nishanth/TurtleStuff/turtle_drive/build/hector_geotiff/CMakeFiles/CMakeTmp'
Makefile:126: recipe for target 'cmTC_829a4/fast' failed
make: *** [cmTC_829a4/fast] Error 2

File /home/nishanth/TurtleStuff/turtle_drive/build/hector_geotiff/CMakeFiles/CMakeTmp/CheckSymbolExists.cxx:
/* */
#include <QtCore/qglobal.h>

int main(int argc, char** argv)
{
  (void)argv;
#ifndef Q_WS_QWS
  return ((int*)(&Q_WS_QWS))[argc];
#else
  (void)argc;
  return 0;
#endif
}

Determining if the Q_WS_MAC exist failed with the following output:
Change Dir: /home/nishanth/TurtleStuff/turtle_drive/build/hector_geotiff/CMakeFiles/CMakeTmp

Run Build Command:"/usr/bin/make" "cmTC_ed260/fast"
/usr/bin/make -f CMakeFiles/cmTC_ed260.dir/build.make CMakeFiles/cmTC_ed260.dir/build
make[1]: Entering directory '/home/nishanth/TurtleStuff/turtle_drive/build/hector_geotiff/CMakeFiles/CMakeTmp'
Building CXX object CMakeFiles/cmTC_ed260.dir/CheckSymbolExists.cxx.o
/usr/bin/c++    -I/usr/include/qt4   -o CMakeFiles/cmTC_ed260.dir/CheckSymbolExists.cxx.o -c /home/nishanth/TurtleStuff/turtle_drive/build/hector_geotiff/CMakeFiles/CMakeTmp/CheckSymbolExists.cxx
/home/nishanth/TurtleStuff/turtle_drive/build/hector_geotiff/CMakeFiles/CMakeTmp/CheckSymbolExists.cxx: In function ‘int main(int, char**)’:
/home/nishanth/TurtleStuff/turtle_drive/build/hector_geotiff/CMakeFiles/CMakeTmp/CheckSymbolExists.cxx:8:19: error: ‘Q_WS_MAC’ was not declared in this scope
   return ((int*)(&Q_WS_MAC))[argc];
                   ^
CMakeFiles/cmTC_ed260.dir/build.make:65: recipe for target 'CMakeFiles/cmTC_ed260.dir/CheckSymbolExists.cxx.o' failed
make[1]: *** [CMakeFiles/cmTC_ed260.dir/CheckSymbolExists.cxx.o] Error 1
make[1]: Leaving directory '/home/nishanth/TurtleStuff/turtle_drive/build/hector_geotiff/CMakeFiles/CMakeTmp'
Makefile:126: recipe for target 'cmTC_ed260/fast' failed
make: *** [cmTC_ed260/fast] Error 2

File /home/nishanth/TurtleStuff/turtle_drive/build/hector_geotiff/CMakeFiles/CMakeTmp/CheckSymbolExists.cxx:
/* */
#include <QtCore/qglobal.h>

int main(int argc, char** argv)
{
  (void)argv;
#ifndef Q_WS_MAC
  return ((int*)(&Q_WS_MAC))[argc];
#else
  (void)argc;
  return 0;
#endif
}

