Determining if the pthread_create exist failed with the following output:
Change Dir: /home/nishanth/TurtleStuff/turtle_drive/build/forward_command_controller/CMakeFiles/CMakeTmp

Run Build Command:"/usr/bin/make" "cmTC_bef48/fast"
/usr/bin/make -f CMakeFiles/cmTC_bef48.dir/build.make CMakeFiles/cmTC_bef48.dir/build
make[1]: Entering directory '/home/nishanth/TurtleStuff/turtle_drive/build/forward_command_controller/CMakeFiles/CMakeTmp'
Building C object CMakeFiles/cmTC_bef48.dir/CheckSymbolExists.c.o
/usr/bin/cc     -o CMakeFiles/cmTC_bef48.dir/CheckSymbolExists.c.o   -c /home/nishanth/TurtleStuff/turtle_drive/build/forward_command_controller/CMakeFiles/CMakeTmp/CheckSymbolExists.c
Linking C executable cmTC_bef48
/usr/bin/cmake -E cmake_link_script CMakeFiles/cmTC_bef48.dir/link.txt --verbose=1
/usr/bin/cc       CMakeFiles/cmTC_bef48.dir/CheckSymbolExists.c.o  -o cmTC_bef48 -rdynamic 
CMakeFiles/cmTC_bef48.dir/CheckSymbolExists.c.o: In function `main':
CheckSymbolExists.c:(.text+0x16): undefined reference to `pthread_create'
collect2: error: ld returned 1 exit status
CMakeFiles/cmTC_bef48.dir/build.make:97: recipe for target 'cmTC_bef48' failed
make[1]: *** [cmTC_bef48] Error 1
make[1]: Leaving directory '/home/nishanth/TurtleStuff/turtle_drive/build/forward_command_controller/CMakeFiles/CMakeTmp'
Makefile:126: recipe for target 'cmTC_bef48/fast' failed
make: *** [cmTC_bef48/fast] Error 2

File /home/nishanth/TurtleStuff/turtle_drive/build/forward_command_controller/CMakeFiles/CMakeTmp/CheckSymbolExists.c:
/* */
#include <pthread.h>

int main(int argc, char** argv)
{
  (void)argv;
#ifndef pthread_create
  return ((int*)(&pthread_create))[argc];
#else
  (void)argc;
  return 0;
#endif
}

Determining if the function pthread_create exists in the pthreads failed with the following output:
Change Dir: /home/nishanth/TurtleStuff/turtle_drive/build/forward_command_controller/CMakeFiles/CMakeTmp

Run Build Command:"/usr/bin/make" "cmTC_26208/fast"
/usr/bin/make -f CMakeFiles/cmTC_26208.dir/build.make CMakeFiles/cmTC_26208.dir/build
make[1]: Entering directory '/home/nishanth/TurtleStuff/turtle_drive/build/forward_command_controller/CMakeFiles/CMakeTmp'
Building C object CMakeFiles/cmTC_26208.dir/CheckFunctionExists.c.o
/usr/bin/cc    -DCHECK_FUNCTION_EXISTS=pthread_create   -o CMakeFiles/cmTC_26208.dir/CheckFunctionExists.c.o   -c /usr/share/cmake-3.5/Modules/CheckFunctionExists.c
Linking C executable cmTC_26208
/usr/bin/cmake -E cmake_link_script CMakeFiles/cmTC_26208.dir/link.txt --verbose=1
/usr/bin/cc   -DCHECK_FUNCTION_EXISTS=pthread_create    CMakeFiles/cmTC_26208.dir/CheckFunctionExists.c.o  -o cmTC_26208 -rdynamic -lpthreads 
/usr/bin/ld: cannot find -lpthreads
collect2: error: ld returned 1 exit status
CMakeFiles/cmTC_26208.dir/build.make:97: recipe for target 'cmTC_26208' failed
make[1]: *** [cmTC_26208] Error 1
make[1]: Leaving directory '/home/nishanth/TurtleStuff/turtle_drive/build/forward_command_controller/CMakeFiles/CMakeTmp'
Makefile:126: recipe for target 'cmTC_26208/fast' failed
make: *** [cmTC_26208/fast] Error 2


